\BOOKMARK [0][-]{chapter.1}{\376\377\000I\000n\000t\000r\000o\000d\000u\000c\000t\000i\000o\000n}{}% 1
\BOOKMARK [0][-]{chapter.2}{\376\377\000B\000u\000s\000i\000n\000e\000s\000s\000\040\000u\000n\000d\000e\000r\000s\000t\000a\000n\000d\000i\000n\000g}{}% 2
\BOOKMARK [1][-]{section.2.1}{\376\377\000B\000a\000c\000k\000g\000r\000o\000u\000n\000d}{chapter.2}% 3
\BOOKMARK [1][-]{section.2.2}{\376\377\000B\000u\000s\000i\000n\000e\000s\000s\000\040\000o\000b\000j\000e\000c\000t\000i\000v\000e\000s}{chapter.2}% 4
\BOOKMARK [1][-]{section.2.3}{\376\377\000B\000u\000s\000i\000n\000e\000s\000s\000\040\000s\000u\000c\000c\000e\000s\000s\000\040\000c\000r\000i\000t\000e\000r\000i\000a}{chapter.2}% 5
\BOOKMARK [1][-]{section.2.4}{\376\377\000A\000s\000s\000e\000s\000s\000m\000e\000n\000t\000\040\000o\000f\000\040\000t\000h\000e\000\040\000s\000i\000t\000u\000a\000t\000i\000o\000n}{chapter.2}% 6
\BOOKMARK [1][-]{section.2.5}{\376\377\000I\000n\000v\000e\000n\000t\000o\000r\000y\000\040\000o\000f\000\040\000r\000e\000s\000o\000u\000r\000c\000e\000s}{chapter.2}% 7
\BOOKMARK [1][-]{section.2.6}{\376\377\000P\000r\000o\000j\000e\000c\000t\000\040\000P\000l\000a\000n}{chapter.2}% 8
\BOOKMARK [0][-]{chapter.3}{\376\377\000D\000a\000t\000a\000\040\000u\000n\000d\000e\000r\000s\000t\000a\000n\000d\000i\000n\000g}{}% 9
\BOOKMARK [1][-]{section.3.1}{\376\377\000D\000a\000t\000a\000\040\000d\000e\000s\000c\000r\000i\000p\000t\000i\000o\000n}{chapter.3}% 10
\BOOKMARK [1][-]{section.3.2}{\376\377\000D\000a\000t\000a\000\040\000e\000x\000p\000l\000o\000r\000a\000t\000i\000o\000n}{chapter.3}% 11
\BOOKMARK [2][-]{subsection.3.2.1}{\376\377\000P\000r\000e\000l\000i\000m\000i\000n\000a\000r\000y\000\040\000o\000p\000e\000r\000a\000t\000i\000o\000n\000\040\000o\000n\000\040\000d\000a\000t\000a\000\040\000p\000r\000e\000p\000a\000r\000a\000t\000i\000o\000n}{section.3.2}% 12
\BOOKMARK [2][-]{subsection.3.2.2}{\376\377\000D\000a\000t\000a\000\040\000E\000x\000p\000l\000o\000r\000a\000t\000i\000o\000n\000\040\000-\000\040\000M\000o\000r\000e\000\040\000i\000n\000\040\000d\000e\000p\000t\000h}{section.3.2}% 13
\BOOKMARK [2][-]{subsection.3.2.3}{\376\377\000P\000l\000o\000t\000t\000i\000n\000g}{section.3.2}% 14
\BOOKMARK [0][-]{chapter.4}{\376\377\000D\000a\000t\000a\000\040\000p\000r\000e\000p\000a\000r\000a\000t\000i\000o\000n}{}% 15
\BOOKMARK [1][-]{section.4.1}{\376\377\000D\000a\000t\000a\000\040\000p\000r\000u\000n\000i\000n\000g}{chapter.4}% 16
\BOOKMARK [1][-]{section.4.2}{\376\377\000C\000o\000n\000v\000e\000r\000s\000i\000o\000n\000,\000b\000i\000n\000a\000r\000i\000z\000a\000t\000i\000o\000n\000,\000\040\000e\000n\000c\000o\000d\000i\000n\000g}{chapter.4}% 17
\BOOKMARK [1][-]{section.4.3}{\376\377\000D\000a\000t\000a\000\040\000n\000o\000r\000m\000a\000l\000i\000z\000a\000t\000i\000o\000n}{chapter.4}% 18
\BOOKMARK [0][-]{chapter.5}{\376\377\000M\000o\000d\000e\000l\000i\000n\000g\000\040\000a\000n\000d\000\040\000m\000o\000d\000e\000l\000\040\000e\000v\000a\000l\000u\000a\000t\000i\000o\000n}{}% 19
\BOOKMARK [1][-]{section.5.1}{\376\377\000P\000r\000e\000l\000i\000m\000i\000n\000a\000r\000y\000\040\000o\000p\000e\000r\000a\000t\000i\000o\000n\000s}{chapter.5}% 20
\BOOKMARK [2][-]{subsection.5.1.1}{\376\377\000D\000e\000c\000i\000s\000i\000o\000n\000\040\000T\000r\000e\000e\000\040\000C\000l\000a\000s\000s\000i\000f\000i\000e\000r}{section.5.1}% 21
\BOOKMARK [2][-]{subsection.5.1.2}{\376\377\000R\000a\000n\000d\000o\000m\000\040\000F\000o\000r\000e\000s\000t}{section.5.1}% 22
\BOOKMARK [2][-]{subsection.5.1.3}{\376\377\000G\000r\000a\000d\000i\000e\000n\000t\000\040\000B\000o\000o\000s\000t\000i\000n\000g\000\040\000C\000l\000a\000s\000s\000i\000f\000i\000e\000r}{section.5.1}% 23
\BOOKMARK [2][-]{subsection.5.1.4}{\376\377\000A\000d\000a\000B\000o\000o\000s\000t\000\040\000C\000l\000a\000s\000s\000i\000f\000i\000e\000r}{section.5.1}% 24
\BOOKMARK [2][-]{subsection.5.1.5}{\376\377\000G\000a\000u\000s\000s\000i\000a\000n\000\040\000N\000a\000i\000v\000e\000\040\000B\000a\000y\000e\000s\000\040\000C\000l\000a\000s\000s\000i\000f\000i\000e\000r}{section.5.1}% 25
\BOOKMARK [2][-]{subsection.5.1.6}{\376\377\000K\000-\000N\000e\000i\000g\000h\000b\000o\000r\000h\000o\000o\000d\000\040\000c\000l\000a\000s\000s\000i\000f\000i\000e\000r}{section.5.1}% 26
\BOOKMARK [2][-]{subsection.5.1.7}{\376\377\000S\000u\000p\000p\000o\000r\000t\000\040\000V\000e\000c\000t\000o\000r\000\040\000C\000l\000a\000s\000s\000i\000f\000i\000e\000r}{section.5.1}% 27
\BOOKMARK [1][-]{section.5.2}{\376\377\000T\000r\000a\000i\000n\000\040\000a\000n\000d\000\040\000t\000e\000s\000t\000\040\000s\000p\000l\000i\000t\000s\000\040\000a\000n\000d\000\040\000o\000v\000e\000r\000s\000a\000m\000p\000l\000i\000n\000g}{chapter.5}% 28
\BOOKMARK [2][-]{subsection.5.2.1}{\376\377\000B\000o\000r\000d\000e\000r\000l\000i\000n\000e\000S\000M\000O\000T\000E}{section.5.2}% 29
\BOOKMARK [1][-]{section.5.3}{\376\377\000P\000a\000r\000a\000m\000e\000t\000e\000r\000\040\000t\000u\000n\000i\000n\000g}{chapter.5}% 30
\BOOKMARK [1][-]{section.5.4}{\376\377\000M\000o\000d\000e\000l\000\040\000E\000v\000a\000l\000u\000a\000t\000i\000o\000n}{chapter.5}% 31
\BOOKMARK [2][-]{subsection.5.4.1}{\376\377\000K\000-\000f\000o\000l\000d\000\040\000c\000r\000o\000s\000s\000-\000v\000a\000l\000i\000d\000a\000t\000i\000o\000n}{section.5.4}% 32
\BOOKMARK [1][-]{section.5.5}{\376\377\000F\000e\000a\000t\000u\000r\000e\000\040\000S\000e\000l\000e\000c\000t\000i\000o\000n\000\040\000|\000\040\000S\000e\000l\000e\000c\000t\000K\000B\000e\000s\000t}{chapter.5}% 33
\BOOKMARK [1][-]{section.5.6}{\376\377\000R\000O\000C\000\040\000C\000u\000r\000v\000e}{chapter.5}% 34
\BOOKMARK [2][-]{subsection.5.6.1}{\376\377\000P\000e\000r\000f\000o\000r\000m\000a\000n\000c\000e}{section.5.6}% 35
\BOOKMARK [1][-]{section.5.7}{\376\377\000C\000o\000n\000s\000i\000d\000e\000r\000a\000t\000i\000o\000n\000s\000\040\000o\000n\000\040\000N\000e\000u\000r\000a\000l\000\040\000N\000e\000t\000w\000o\000r\000k\000s}{chapter.5}% 36
\BOOKMARK [1][-]{section.5.8}{\376\377\000F\000i\000n\000a\000l\000\040\000c\000o\000n\000s\000i\000d\000e\000r\000a\000t\000i\000o\000n\000s}{chapter.5}% 37
